I, [2017-03-05T02:18:11.788354 #10796]  INFO -- : Scrapping: https://en.wikipedia.org/wiki/Keanu_Reeves...
I, [2017-03-05T02:18:13.957333 #10796]  INFO -- : == Handling Keanu Reeves
I, [2017-03-05T02:18:13.957333 #10796]  INFO -- : Actor proceeded: Keanu Reeves
I, [2017-03-05T02:18:14.687591 #10796]  INFO -- : Succeed to locate film table from url: https://en.wikipedia.org/wiki/Keanu_Reeves
I, [2017-03-05T02:18:14.700601 #10796]  INFO -- : Update films in for actor Keanu Reeves
I, [2017-03-05T02:18:14.701601 #10796]  INFO -- : Scrapping: https://en.wikipedia.org/wiki/Youngblood_(1986_film)...
I, [2017-03-05T02:18:15.375257 #10796]  INFO -- : Film processing: Youngblood (1986 film)
I, [2017-03-05T02:18:15.382244 #10796]  INFO -- : Valid film: Youngblood (1986 film)in year 1986
I, [2017-03-05T02:18:15.383245 #10796]  INFO -- : Scrapping: https://en.wikipedia.org/wiki/Flying_(film)...
I, [2017-03-05T02:18:15.806398 #10796]  INFO -- : Film processing: Flying (film)
I, [2017-03-05T02:18:15.812401 #10796]  INFO -- : Valid film: Flying (film)in year 1986
I, [2017-03-05T02:18:15.813403 #10796]  INFO -- : Scrapping: https://en.wikipedia.org/wiki/Act_of_Vengeance...
I, [2017-03-05T02:18:16.244255 #10796]  INFO -- : Scrapping: https://en.wikipedia.org/wiki/River%27s_Edge...
I, [2017-03-05T02:18:16.887733 #10796]  INFO -- : Scrapping: https://en.wikipedia.org/wiki/Permanent_Record_(film)...
I, [2017-03-05T02:18:17.395540 #10796]  INFO -- : Film processing: Permanent Record (film)
I, [2017-03-05T02:18:17.402528 #10796]  INFO -- : Valid film: Permanent Record (film)in year 1988
I, [2017-03-05T02:18:17.403528 #10796]  INFO -- : Scrapping: https://en.wikipedia.org/wiki/The_Prince_of_Pennsylvania...
I, [2017-03-05T02:18:17.791533 #10796]  INFO -- : Scrapping: https://en.wikipedia.org/wiki/The_Night_Before_(1988_film)...
I, [2017-03-05T02:18:18.288598 #10796]  INFO -- : Film processing: The Night Before (1988 film)
I, [2017-03-05T02:18:18.294585 #10796]  INFO -- : Valid film: The Night Before (1988 film)in year 1988
I, [2017-03-05T02:18:18.295607 #10796]  INFO -- : Scrapping: https://en.wikipedia.org/wiki/Dangerous_Liaisons...
I, [2017-03-05T02:18:18.902882 #10796]  INFO -- : Scrapping: https://en.wikipedia.org/wiki/Life_Under_Water...
I, [2017-03-05T02:18:19.326571 #10796]  INFO -- : Scrapping: https://en.wikipedia.org/wiki/Bill_%26_Ted%27s_Excellent_Adventure...
I, [2017-03-05T02:18:19.959648 #10796]  INFO -- : Scrapping: https://en.wikipedia.org/wiki/Parenthood_(film)...
I, [2017-03-05T02:18:20.458799 #10796]  INFO -- : Film processing: Parenthood (film)
I, [2017-03-05T02:18:20.475311 #10796]  INFO -- : Valid film: Parenthood (film)in year 1989
I, [2017-03-05T02:18:20.475311 #10796]  INFO -- : Scrapping: https://en.wikipedia.org/wiki/I_Love_You_to_Death...
I, [2017-03-05T02:18:21.060619 #10796]  INFO -- : Scrapping: https://en.wikipedia.org/wiki/Tune_in_Tomorrow...
I, [2017-03-05T02:18:21.554181 #10796]  INFO -- : Scrapping: https://en.wikipedia.org/wiki/Point_Break...
I, [2017-03-05T02:18:22.097312 #10796]  INFO -- : Scrapping: https://en.wikipedia.org/wiki/MTV_Movie_Award_for_Most_Desirable_Male...
I, [2017-03-05T02:18:22.494210 #10796]  INFO -- : Scrapping: https://en.wikipedia.org/wiki/Bill_%26_Ted%27s_Bogus_Journey...
I, [2017-03-05T02:18:23.325312 #10796]  INFO -- : Scrapping: https://en.wikipedia.org/wiki/My_Own_Private_Idaho...
I, [2017-03-05T02:18:23.854116 #10796]  INFO -- : Scrapping: https://en.wikipedia.org/wiki/Bram_Stoker%27s_Dracula...
I, [2017-03-05T02:18:24.507494 #10796]  INFO -- : Scrapping: https://en.wikipedia.org/wiki/Jonathan_Harker...
I, [2017-03-05T02:18:25.284507 #10796]  INFO -- : Scrapping: https://en.wikipedia.org/wiki/Much_Ado_About_Nothing_(1993_film)...
I, [2017-03-05T02:18:25.853808 #10796]  INFO -- : Film processing: Much Ado About Nothing (1993 film)
I, [2017-03-05T02:18:25.868337 #10796]  INFO -- : Valid film: Much Ado About Nothing (1993 film)in year 1993
I, [2017-03-05T02:18:25.870339 #10796]  INFO -- : Scrapping: https://en.wikipedia.org/wiki/Little_Buddha...
